Using pre-set license
Built from '2021.3/staging' branch; Version is '2021.3.16f1 (4016570cf34f) revision 4200023'; Using compiler version '192829333'; Build Type 'Release'
OS: 'Windows 11  (10.0.22621) 64bit Education' Language: 'en' Physical Memory: 8068 MB
BatchMode: 1, IsHumanControllingUs: 0, StartBugReporterOnCrash: 0, Is64bit: 1, IsPro: 1

COMMAND LINE ARGUMENTS:
C:\Program Files\Unity\Hub\Editor\2021.3.16f1\Editor\Unity.exe
-adb2
-batchMode
-noUpm
-name
AssetImportWorker0
-projectPath
C:/Users/Daniel/Desktop/SpaceMan
-logFile
Logs/AssetImportWorker0.log
-srvPort
54172
Successfully changed project path to: C:/Users/Daniel/Desktop/SpaceMan
C:/Users/Daniel/Desktop/SpaceMan
[UnityMemory] Configuration Parameters - Can be set up in boot.config
    "memorysetup-bucket-allocator-granularity=16"
    "memorysetup-bucket-allocator-bucket-count=8"
    "memorysetup-bucket-allocator-block-size=33554432"
    "memorysetup-bucket-allocator-block-count=8"
    "memorysetup-main-allocator-block-size=16777216"
    "memorysetup-thread-allocator-block-size=16777216"
    "memorysetup-gfx-main-allocator-block-size=16777216"
    "memorysetup-gfx-thread-allocator-block-size=16777216"
    "memorysetup-cache-allocator-block-size=4194304"
    "memorysetup-typetree-allocator-block-size=2097152"
    "memorysetup-profiler-bucket-allocator-granularity=16"
    "memorysetup-profiler-bucket-allocator-bucket-count=8"
    "memorysetup-profiler-bucket-allocator-block-size=33554432"
    "memorysetup-profiler-bucket-allocator-block-count=8"
    "memorysetup-profiler-allocator-block-size=16777216"
    "memorysetup-profiler-editor-allocator-block-size=1048576"
    "memorysetup-temp-allocator-size-main=16777216"
    "memorysetup-job-temp-allocator-block-size=2097152"
    "memorysetup-job-temp-allocator-block-size-background=1048576"
    "memorysetup-job-temp-allocator-reduction-small-platforms=262144"
    "memorysetup-temp-allocator-size-background-worker=32768"
    "memorysetup-temp-allocator-size-job-worker=262144"
    "memorysetup-temp-allocator-size-preload-manager=33554432"
    "memorysetup-temp-allocator-size-nav-mesh-worker=65536"
    "memorysetup-temp-allocator-size-audio-worker=65536"
    "memorysetup-temp-allocator-size-cloud-worker=32768"
    "memorysetup-temp-allocator-size-gi-baking-worker=262144"
    "memorysetup-temp-allocator-size-gfx=262144"
Player connection [7988] Host "[IP] 192.168.0.12 [Port] 0 [Flags] 2 [Guid] 3429020420 [EditorId] 3429020420 [Version] 1048832 [Id] WindowsEditor(7,DESKTOP-Q3CHOVG) [Debug] 1 [PackageName] WindowsEditor [ProjectName] Editor" joined multi-casting on [225.0.0.222:54997]...

Player connection [7988] Host "[IP] 192.168.0.12 [Port] 0 [Flags] 2 [Guid] 3429020420 [EditorId] 3429020420 [Version] 1048832 [Id] WindowsEditor(7,DESKTOP-Q3CHOVG) [Debug] 1 [PackageName] WindowsEditor [ProjectName] Editor" joined alternative multi-casting on [225.0.0.222:34997]...

Refreshing native plugins compatible for Editor in 99.41 ms, found 4 plugins.
Preloading 0 native plugins for Editor in 0.00 ms.
Initialize engine version: 2021.3.16f1 (4016570cf34f)
[Subsystems] Discovering subsystems at path C:/Program Files/Unity/Hub/Editor/2021.3.16f1/Editor/Data/Resources/UnitySubsystems
[Subsystems] Discovering subsystems at path C:/Users/Daniel/Desktop/SpaceMan/Assets
GfxDevice: creating device client; threaded=0; jobified=0
Direct3D:
    Version:  Direct3D 11.0 [level 11.1]
    Renderer: Intel(R) UHD Graphics 630 (ID=0x3e91)
    Vendor:   Intel
    VRAM:     4034 MB
    Driver:   31.0.101.2111
Initialize mono
Mono path[0] = 'C:/Program Files/Unity/Hub/Editor/2021.3.16f1/Editor/Data/Managed'
Mono path[1] = 'C:/Program Files/Unity/Hub/Editor/2021.3.16f1/Editor/Data/MonoBleedingEdge/lib/mono/unityjit-win32'
Mono config path = 'C:/Program Files/Unity/Hub/Editor/2021.3.16f1/Editor/Data/MonoBleedingEdge/etc'
Using monoOptions --debugger-agent=transport=dt_socket,embedding=1,server=y,suspend=n,address=127.0.0.1:56180
Begin MonoManager ReloadAssembly
Registering precompiled unity dll's ...
Register platform support module: C:/Program Files/Unity/Hub/Editor/2021.3.16f1/Editor/Data/PlaybackEngines/WebGLSupport/UnityEditor.WebGL.Extensions.dll
Register platform support module: C:/Program Files/Unity/Hub/Editor/2021.3.16f1/Editor/Data/PlaybackEngines/WindowsStandaloneSupport/UnityEditor.WindowsStandalone.Extensions.dll
Registered in 0.010090 seconds.
Native extension for WindowsStandalone target not found
Native extension for WebGL target not found
Refreshing native plugins compatible for Editor in 92.42 ms, found 4 plugins.
Preloading 0 native plugins for Editor in 0.00 ms.
Mono: successfully reloaded assembly
- Completed reload, in  0.772 seconds
Domain Reload Profiling:
	ReloadAssembly (772ms)
		BeginReloadAssembly (174ms)
			ExecutionOrderSort (0ms)
			DisableScriptedObjects (0ms)
			BackupInstance (0ms)
			ReleaseScriptingObjects (0ms)
			CreateAndSetChildDomain (1ms)
		EndReloadAssembly (480ms)
			LoadAssemblies (173ms)
			RebuildTransferFunctionScriptingTraits (0ms)
			SetupTypeCache (106ms)
			ReleaseScriptCaches (0ms)
			RebuildScriptCaches (32ms)
			SetupLoadedEditorAssemblies (288ms)
				LogAssemblyErrors (0ms)
				InitializePlatformSupportModulesInManaged (10ms)
				SetLoadedEditorAssemblies (0ms)
				RefreshPlugins (92ms)
				BeforeProcessingInitializeOnLoad (1ms)
				ProcessInitializeOnLoadAttributes (129ms)
				ProcessInitializeOnLoadMethodAttributes (54ms)
				AfterProcessingInitializeOnLoad (0ms)
				EditorAssembliesLoaded (0ms)
			ExecutionOrderSort2 (0ms)
			AwakeInstancesAfterBackupRestoration (0ms)
Platform modules already initialized, skipping
Registering precompiled user dll's ...
Registered in 0.008714 seconds.
Begin MonoManager ReloadAssembly
Symbol file LoadedFromMemory doesn't match image C:\Users\Daniel\Desktop\SpaceMan\Library\PackageCache\com.unity.visualscripting@1.7.8\Editor\VisualScripting.Core\Dependencies\YamlDotNet\Unity.VisualScripting.YamlDotNet.dll
Symbol file LoadedFromMemory doesn't match image C:\Users\Daniel\Desktop\SpaceMan\Library\PackageCache\com.unity.visualscripting@1.7.8\Editor\VisualScripting.Core\Dependencies\DotNetZip\Unity.VisualScripting.IonicZip.dll
Native extension for WindowsStandalone target not found
Native extension for WebGL target not found
Refreshing native plugins compatible for Editor in 114.39 ms, found 4 plugins.
Preloading 0 native plugins for Editor in 0.00 ms.
Mono: successfully reloaded assembly
- Completed reload, in  1.306 seconds
Domain Reload Profiling:
	ReloadAssembly (1307ms)
		BeginReloadAssembly (110ms)
			ExecutionOrderSort (0ms)
			DisableScriptedObjects (6ms)
			BackupInstance (0ms)
			ReleaseScriptingObjects (0ms)
			CreateAndSetChildDomain (20ms)
		EndReloadAssembly (1075ms)
			LoadAssemblies (107ms)
			RebuildTransferFunctionScriptingTraits (0ms)
			SetupTypeCache (295ms)
			ReleaseScriptCaches (1ms)
			RebuildScriptCaches (61ms)
			SetupLoadedEditorAssemblies (527ms)
				LogAssemblyErrors (0ms)
				InitializePlatformSupportModulesInManaged (6ms)
				SetLoadedEditorAssemblies (0ms)
				RefreshPlugins (114ms)
				BeforeProcessingInitializeOnLoad (100ms)
				ProcessInitializeOnLoadAttributes (254ms)
				ProcessInitializeOnLoadMethodAttributes (45ms)
				AfterProcessingInitializeOnLoad (8ms)
				EditorAssembliesLoaded (0ms)
			ExecutionOrderSort2 (0ms)
			AwakeInstancesAfterBackupRestoration (7ms)
Platform modules already initialized, skipping
========================================================================
Worker process is ready to serve import requests
Launched and connected shader compiler UnityShaderCompiler.exe after 0.08 seconds
Refreshing native plugins compatible for Editor in 0.66 ms, found 4 plugins.
Preloading 0 native plugins for Editor in 0.00 ms.
Unloading 4058 Unused Serialized files (Serialized files now loaded: 0)
Unloading 44 unused Assets / (229.1 KB). Loaded Objects now: 4511.
Memory consumption went from 151.3 MB to 151.1 MB.
Total: 3.700400 ms (FindLiveObjects: 0.322000 ms CreateObjectMapping: 0.301400 ms MarkObjects: 2.891400 ms  DeleteObjects: 0.184200 ms)

AssetImportParameters requested are different than current active one (requested -> active):
  custom:video-decoder-ogg-theora: a1e56fd34408186e4bbccfd4996cb3dc -> 
  custom:container-muxer-webm: aa71ff27fc2769a1b78a27578f13a17b -> 
  custom:container-demuxer-webm: 4f35f7cbe854078d1ac9338744f61a02 -> 
  custom:video-encoder-webm-vp8: eb34c28f22e8b96e1ab97ce403110664 -> 
  custom:audio-encoder-webm-vorbis: bf7c407c2cedff20999df2af8eb42d56 -> 
  custom:framework-win-MediaFoundation: 216162199b28c13a410421893ffa2e32 -> 
  custom:container-demuxer-ogg: 62fdf1f143b41e24485cea50d1cbac27 -> 
  custom:video-decoder-webm-vp8: 9c59270c3fd7afecdb556c50c9e8de78 -> 
  custom:audio-decoder-ogg-vorbis: bf7c407c2cedff20999df2af8eb42d56 -> 
========================================================================
Received Prepare
Refreshing native plugins compatible for Editor in 5.67 ms, found 4 plugins.
Preloading 0 native plugins for Editor in 0.00 ms.
Unloading 31 Unused Serialized files (Serialized files now loaded: 0)
Unloading 31 unused Assets / (192.8 KB). Loaded Objects now: 4511.
Memory consumption went from 70.6 MB to 70.4 MB.
Total: 3.461800 ms (FindLiveObjects: 0.323300 ms CreateObjectMapping: 0.264700 ms MarkObjects: 2.723400 ms  DeleteObjects: 0.149000 ms)

AssetImportParameters requested are different than current active one (requested -> active):
  custom:video-decoder-ogg-theora: a1e56fd34408186e4bbccfd4996cb3dc -> 
  custom:container-muxer-webm: aa71ff27fc2769a1b78a27578f13a17b -> 
  custom:container-demuxer-webm: 4f35f7cbe854078d1ac9338744f61a02 -> 
  custom:video-encoder-webm-vp8: eb34c28f22e8b96e1ab97ce403110664 -> 
  custom:audio-encoder-webm-vorbis: bf7c407c2cedff20999df2af8eb42d56 -> 
  custom:framework-win-MediaFoundation: 216162199b28c13a410421893ffa2e32 -> 
  custom:container-demuxer-ogg: 62fdf1f143b41e24485cea50d1cbac27 -> 
  custom:video-decoder-webm-vp8: 9c59270c3fd7afecdb556c50c9e8de78 -> 
  custom:audio-decoder-ogg-vorbis: bf7c407c2cedff20999df2af8eb42d56 -> 
========================================================================
Received Import Request.
  Time since last request: 1807599.382303 seconds.
  path: Assets/PreFabs/Level Block 0.prefab
  artifactKey: Guid(bf4cb3b48af5d2a48a39190bf4f79e60) Importer(815301076,1909f56bfc062723c751e8b465ee728b)
Start importing Assets/PreFabs/Level Block 0.prefab using Guid(bf4cb3b48af5d2a48a39190bf4f79e60) Importer(815301076,1909f56bfc062723c751e8b465ee728b)  -> (artifact id: 'fc6c47d62362d93810eee0e4767702aa') in 0.286744 seconds 
========================================================================
Received Import Request.
  Time since last request: 20.496277 seconds.
  path: Assets/PreFabs/Level Block 0.prefab
  artifactKey: Guid(bf4cb3b48af5d2a48a39190bf4f79e60) Importer(815301076,1909f56bfc062723c751e8b465ee728b)
Start importing Assets/PreFabs/Level Block 0.prefab using Guid(bf4cb3b48af5d2a48a39190bf4f79e60) Importer(815301076,1909f56bfc062723c751e8b465ee728b)  -> (artifact id: 'c0a22419cd086a4a691d1f6c55ef1d31') in 0.063201 seconds 
========================================================================
Received Import Request.
  Time since last request: 11.764011 seconds.
  path: Assets/PreFabs/Level Block 0.prefab
  artifactKey: Guid(bf4cb3b48af5d2a48a39190bf4f79e60) Importer(815301076,1909f56bfc062723c751e8b465ee728b)
Start importing Assets/PreFabs/Level Block 0.prefab using Guid(bf4cb3b48af5d2a48a39190bf4f79e60) Importer(815301076,1909f56bfc062723c751e8b465ee728b)  -> (artifact id: '19aa2d09e06f729de32963a32f7230f0') in 0.066906 seconds 
========================================================================
Received Import Request.
  Time since last request: 3.887507 seconds.
  path: Assets/PreFabs/Level Block 0.prefab
  artifactKey: Guid(bf4cb3b48af5d2a48a39190bf4f79e60) Importer(815301076,1909f56bfc062723c751e8b465ee728b)
Start importing Assets/PreFabs/Level Block 0.prefab using Guid(bf4cb3b48af5d2a48a39190bf4f79e60) Importer(815301076,1909f56bfc062723c751e8b465ee728b)  -> (artifact id: 'faa364c73a359a6e8f4eb3fd8ea6801a') in 0.067744 seconds 
========================================================================
Received Prepare
Registering precompiled user dll's ...
Registered in 0.009308 seconds.
Begin MonoManager ReloadAssembly
Symbol file LoadedFromMemory doesn't match image C:\Users\Daniel\Desktop\SpaceMan\Library\PackageCache\com.unity.visualscripting@1.7.8\Editor\VisualScripting.Core\Dependencies\YamlDotNet\Unity.VisualScripting.YamlDotNet.dll
Symbol file LoadedFromMemory doesn't match image C:\Users\Daniel\Desktop\SpaceMan\Library\PackageCache\com.unity.visualscripting@1.7.8\Editor\VisualScripting.Core\Dependencies\DotNetZip\Unity.VisualScripting.IonicZip.dll
Native extension for WindowsStandalone target not found
Native extension for WebGL target not found
Refreshing native plugins compatible for Editor in 1.57 ms, found 4 plugins.
Preloading 0 native plugins for Editor in 0.00 ms.
Mono: successfully reloaded assembly
- Completed reload, in  1.677 seconds
Domain Reload Profiling:
	ReloadAssembly (1678ms)
		BeginReloadAssembly (147ms)
			ExecutionOrderSort (0ms)
			DisableScriptedObjects (7ms)
			BackupInstance (0ms)
			ReleaseScriptingObjects (0ms)
			CreateAndSetChildDomain (44ms)
		EndReloadAssembly (1341ms)
			LoadAssemblies (134ms)
			RebuildTransferFunctionScriptingTraits (0ms)
			SetupTypeCache (459ms)
			ReleaseScriptCaches (3ms)
			RebuildScriptCaches (70ms)
			SetupLoadedEditorAssemblies (576ms)
				LogAssemblyErrors (0ms)
				InitializePlatformSupportModulesInManaged (23ms)
				SetLoadedEditorAssemblies (2ms)
				RefreshPlugins (2ms)
				BeforeProcessingInitializeOnLoad (110ms)
				ProcessInitializeOnLoadAttributes (362ms)
				ProcessInitializeOnLoadMethodAttributes (66ms)
				AfterProcessingInitializeOnLoad (12ms)
				EditorAssembliesLoaded (0ms)
			ExecutionOrderSort2 (0ms)
			AwakeInstancesAfterBackupRestoration (14ms)
Platform modules already initialized, skipping
Refreshing native plugins compatible for Editor in 5.44 ms, found 4 plugins.
Preloading 0 native plugins for Editor in 0.00 ms.
Unloading 4053 Unused Serialized files (Serialized files now loaded: 0)
Unloading 31 unused Assets / (195.1 KB). Loaded Objects now: 4526.
Memory consumption went from 156.3 MB to 156.1 MB.
Total: 6.694400 ms (FindLiveObjects: 0.649600 ms CreateObjectMapping: 1.365300 ms MarkObjects: 4.232600 ms  DeleteObjects: 0.443300 ms)

AssetImportParameters requested are different than current active one (requested -> active):
  custom:video-decoder-ogg-theora: a1e56fd34408186e4bbccfd4996cb3dc -> 
  custom:container-muxer-webm: aa71ff27fc2769a1b78a27578f13a17b -> 
  custom:container-demuxer-webm: 4f35f7cbe854078d1ac9338744f61a02 -> 
  custom:video-encoder-webm-vp8: eb34c28f22e8b96e1ab97ce403110664 -> 
  custom:audio-encoder-webm-vorbis: bf7c407c2cedff20999df2af8eb42d56 -> 
  custom:framework-win-MediaFoundation: 216162199b28c13a410421893ffa2e32 -> 
  custom:container-demuxer-ogg: 62fdf1f143b41e24485cea50d1cbac27 -> 
  custom:video-decoder-webm-vp8: 9c59270c3fd7afecdb556c50c9e8de78 -> 
  custom:audio-decoder-ogg-vorbis: bf7c407c2cedff20999df2af8eb42d56 -> 
========================================================================
Received Import Request.
  Time since last request: 83.017781 seconds.
  path: Assets/PreFabs/Health Potion.prefab
  artifactKey: Guid(e3a2409dabafa9043b4ece40ebc7638b) Importer(815301076,1909f56bfc062723c751e8b465ee728b)
Start importing Assets/PreFabs/Health Potion.prefab using Guid(e3a2409dabafa9043b4ece40ebc7638b) Importer(815301076,1909f56bfc062723c751e8b465ee728b)  -> (artifact id: '1c458483ed21c41ffd82e116b3741dee') in 0.108396 seconds 
========================================================================
Received Import Request.
  Time since last request: 0.000124 seconds.
  path: Assets/PreFabs/Levek Block 1.prefab
  artifactKey: Guid(5ebeb9c74b7b4ac4888df72ce093849e) Importer(815301076,1909f56bfc062723c751e8b465ee728b)
Start importing Assets/PreFabs/Levek Block 1.prefab using Guid(5ebeb9c74b7b4ac4888df72ce093849e) Importer(815301076,1909f56bfc062723c751e8b465ee728b)  -> (artifact id: '09a216a78def1f5e697f1200bf48af64') in 0.082203 seconds 
========================================================================
Received Import Request.
  Time since last request: 0.000037 seconds.
  path: Assets/PreFabs/Level Block2.prefab
  artifactKey: Guid(b770bc54f5ebddc41b424c9a77055723) Importer(815301076,1909f56bfc062723c751e8b465ee728b)
Start importing Assets/PreFabs/Level Block2.prefab using Guid(b770bc54f5ebddc41b424c9a77055723) Importer(815301076,1909f56bfc062723c751e8b465ee728b)  -> (artifact id: '5312d182bfef856cde15ec71e48e117a') in 0.077183 seconds 
========================================================================
Received Import Request.
  Time since last request: 0.000067 seconds.
  path: Assets/PreFabs/Level Block 0.prefab
  artifactKey: Guid(bf4cb3b48af5d2a48a39190bf4f79e60) Importer(815301076,1909f56bfc062723c751e8b465ee728b)
Start importing Assets/PreFabs/Level Block 0.prefab using Guid(bf4cb3b48af5d2a48a39190bf4f79e60) Importer(815301076,1909f56bfc062723c751e8b465ee728b)  -> (artifact id: 'dad1049040131c3b1489a5ccc60a5db7') in 0.059502 seconds 
========================================================================
Received Prepare
Registering precompiled user dll's ...
Registered in 0.008822 seconds.
Begin MonoManager ReloadAssembly
Symbol file LoadedFromMemory doesn't match image C:\Users\Daniel\Desktop\SpaceMan\Library\PackageCache\com.unity.visualscripting@1.7.8\Editor\VisualScripting.Core\Dependencies\YamlDotNet\Unity.VisualScripting.YamlDotNet.dll
Symbol file LoadedFromMemory doesn't match image C:\Users\Daniel\Desktop\SpaceMan\Library\PackageCache\com.unity.visualscripting@1.7.8\Editor\VisualScripting.Core\Dependencies\DotNetZip\Unity.VisualScripting.IonicZip.dll
Native extension for WindowsStandalone target not found
Native extension for WebGL target not found
Refreshing native plugins compatible for Editor in 0.78 ms, found 4 plugins.
Preloading 0 native plugins for Editor in 0.00 ms.
Mono: successfully reloaded assembly
- Completed reload, in  1.651 seconds
Domain Reload Profiling:
	ReloadAssembly (1652ms)
		BeginReloadAssembly (214ms)
			ExecutionOrderSort (0ms)
			DisableScriptedObjects (7ms)
			BackupInstance (0ms)
			ReleaseScriptingObjects (0ms)
			CreateAndSetChildDomain (93ms)
		EndReloadAssembly (1330ms)
			LoadAssemblies (130ms)
			RebuildTransferFunctionScriptingTraits (0ms)
			SetupTypeCache (278ms)
			ReleaseScriptCaches (2ms)
			RebuildScriptCaches (49ms)
			SetupLoadedEditorAssemblies (831ms)
				LogAssemblyErrors (0ms)
				InitializePlatformSupportModulesInManaged (14ms)
				SetLoadedEditorAssemblies (1ms)
				RefreshPlugins (1ms)
				BeforeProcessingInitializeOnLoad (74ms)
				ProcessInitializeOnLoadAttributes (693ms)
				ProcessInitializeOnLoadMethodAttributes (42ms)
				AfterProcessingInitializeOnLoad (7ms)
				EditorAssembliesLoaded (0ms)
			ExecutionOrderSort2 (0ms)
			AwakeInstancesAfterBackupRestoration (9ms)
Platform modules already initialized, skipping
Refreshing native plugins compatible for Editor in 2.70 ms, found 4 plugins.
Preloading 0 native plugins for Editor in 0.00 ms.
Unloading 4053 Unused Serialized files (Serialized files now loaded: 0)
Unloading 31 unused Assets / (195.4 KB). Loaded Objects now: 4533.
Memory consumption went from 156.7 MB to 156.5 MB.
Total: 3.616600 ms (FindLiveObjects: 0.297900 ms CreateObjectMapping: 0.219600 ms MarkObjects: 2.954800 ms  DeleteObjects: 0.143100 ms)

AssetImportParameters requested are different than current active one (requested -> active):
  custom:video-decoder-ogg-theora: a1e56fd34408186e4bbccfd4996cb3dc -> 
  custom:container-muxer-webm: aa71ff27fc2769a1b78a27578f13a17b -> 
  custom:container-demuxer-webm: 4f35f7cbe854078d1ac9338744f61a02 -> 
  custom:video-encoder-webm-vp8: eb34c28f22e8b96e1ab97ce403110664 -> 
  custom:audio-encoder-webm-vorbis: bf7c407c2cedff20999df2af8eb42d56 -> 
  custom:framework-win-MediaFoundation: 216162199b28c13a410421893ffa2e32 -> 
  custom:container-demuxer-ogg: 62fdf1f143b41e24485cea50d1cbac27 -> 
  custom:video-decoder-webm-vp8: 9c59270c3fd7afecdb556c50c9e8de78 -> 
  custom:audio-decoder-ogg-vorbis: bf7c407c2cedff20999df2af8eb42d56 -> 
========================================================================
Received Import Request.
  Time since last request: 81.357458 seconds.
  path: Assets/PreFabs/Level Block2.prefab
  artifactKey: Guid(b770bc54f5ebddc41b424c9a77055723) Importer(815301076,1909f56bfc062723c751e8b465ee728b)
Start importing Assets/PreFabs/Level Block2.prefab using Guid(b770bc54f5ebddc41b424c9a77055723) Importer(815301076,1909f56bfc062723c751e8b465ee728b)  -> (artifact id: '5406991a75a11af22e6f85246fd49a70') in 0.126986 seconds 
========================================================================
Received Import Request.
  Time since last request: 27.535046 seconds.
  path: Assets/PreFabs/Level Block 0.prefab
  artifactKey: Guid(bf4cb3b48af5d2a48a39190bf4f79e60) Importer(815301076,1909f56bfc062723c751e8b465ee728b)
Start importing Assets/PreFabs/Level Block 0.prefab using Guid(bf4cb3b48af5d2a48a39190bf4f79e60) Importer(815301076,1909f56bfc062723c751e8b465ee728b)  -> (artifact id: 'de776b39e95a8043e55d4d35b3e8e767') in 0.065816 seconds 
========================================================================
Received Prepare
Registering precompiled user dll's ...
Registered in 0.009397 seconds.
Begin MonoManager ReloadAssembly
Symbol file LoadedFromMemory doesn't match image C:\Users\Daniel\Desktop\SpaceMan\Library\PackageCache\com.unity.visualscripting@1.7.8\Editor\VisualScripting.Core\Dependencies\YamlDotNet\Unity.VisualScripting.YamlDotNet.dll
Symbol file LoadedFromMemory doesn't match image C:\Users\Daniel\Desktop\SpaceMan\Library\PackageCache\com.unity.visualscripting@1.7.8\Editor\VisualScripting.Core\Dependencies\DotNetZip\Unity.VisualScripting.IonicZip.dll
Native extension for WindowsStandalone target not found
Native extension for WebGL target not found
Refreshing native plugins compatible for Editor in 2.19 ms, found 4 plugins.
Preloading 0 native plugins for Editor in 0.00 ms.
Mono: successfully reloaded assembly
- Completed reload, in  2.756 seconds
Domain Reload Profiling:
	ReloadAssembly (2758ms)
		BeginReloadAssembly (140ms)
			ExecutionOrderSort (0ms)
			DisableScriptedObjects (7ms)
			BackupInstance (0ms)
			ReleaseScriptingObjects (0ms)
			CreateAndSetChildDomain (39ms)
		EndReloadAssembly (2468ms)
			LoadAssemblies (142ms)
			RebuildTransferFunctionScriptingTraits (0ms)
			SetupTypeCache (573ms)
			ReleaseScriptCaches (3ms)
			RebuildScriptCaches (120ms)
			SetupLoadedEditorAssemblies (966ms)
				LogAssemblyErrors (1ms)
				InitializePlatformSupportModulesInManaged (58ms)
				SetLoadedEditorAssemblies (1ms)
				RefreshPlugins (3ms)
				BeforeProcessingInitializeOnLoad (201ms)
				ProcessInitializeOnLoadAttributes (598ms)
				ProcessInitializeOnLoadMethodAttributes (92ms)
				AfterProcessingInitializeOnLoad (12ms)
				EditorAssembliesLoaded (0ms)
			ExecutionOrderSort2 (0ms)
			AwakeInstancesAfterBackupRestoration (23ms)
Platform modules already initialized, skipping
Refreshing native plugins compatible for Editor in 3.42 ms, found 4 plugins.
Preloading 0 native plugins for Editor in 0.00 ms.
Unloading 4053 Unused Serialized files (Serialized files now loaded: 0)
Unloading 31 unused Assets / (195.3 KB). Loaded Objects now: 4536.
Memory consumption went from 156.8 MB to 156.6 MB.
Total: 6.710200 ms (FindLiveObjects: 0.566200 ms CreateObjectMapping: 0.753900 ms MarkObjects: 5.005600 ms  DeleteObjects: 0.382200 ms)

AssetImportParameters requested are different than current active one (requested -> active):
  custom:video-decoder-ogg-theora: a1e56fd34408186e4bbccfd4996cb3dc -> 
  custom:container-muxer-webm: aa71ff27fc2769a1b78a27578f13a17b -> 
  custom:container-demuxer-webm: 4f35f7cbe854078d1ac9338744f61a02 -> 
  custom:video-encoder-webm-vp8: eb34c28f22e8b96e1ab97ce403110664 -> 
  custom:audio-encoder-webm-vorbis: bf7c407c2cedff20999df2af8eb42d56 -> 
  custom:framework-win-MediaFoundation: 216162199b28c13a410421893ffa2e32 -> 
  custom:container-demuxer-ogg: 62fdf1f143b41e24485cea50d1cbac27 -> 
  custom:video-decoder-webm-vp8: 9c59270c3fd7afecdb556c50c9e8de78 -> 
  custom:audio-decoder-ogg-vorbis: bf7c407c2cedff20999df2af8eb42d56 -> 
========================================================================
Received Import Request.
  Time since last request: 75.692247 seconds.
  path: Assets/PreFabs/Level Block 0.prefab
  artifactKey: Guid(bf4cb3b48af5d2a48a39190bf4f79e60) Importer(815301076,1909f56bfc062723c751e8b465ee728b)
Start importing Assets/PreFabs/Level Block 0.prefab using Guid(bf4cb3b48af5d2a48a39190bf4f79e60) Importer(815301076,1909f56bfc062723c751e8b465ee728b)  -> (artifact id: '9fd5cdc2e9904a1c9d1348459557c895') in 0.158707 seconds 
========================================================================
Received Import Request.
  Time since last request: 4.717121 seconds.
  path: Assets/PreFabs/Level Block 0.prefab
  artifactKey: Guid(bf4cb3b48af5d2a48a39190bf4f79e60) Importer(815301076,1909f56bfc062723c751e8b465ee728b)
Start importing Assets/PreFabs/Level Block 0.prefab using Guid(bf4cb3b48af5d2a48a39190bf4f79e60) Importer(815301076,1909f56bfc062723c751e8b465ee728b)  -> (artifact id: '0f522f71260e60fecd3ac545fbf8cda0') in 0.062603 seconds 
========================================================================
Received Import Request.
  Time since last request: 3.352012 seconds.
  path: Assets/PreFabs/Level Block 0.prefab
  artifactKey: Guid(bf4cb3b48af5d2a48a39190bf4f79e60) Importer(815301076,1909f56bfc062723c751e8b465ee728b)
Start importing Assets/PreFabs/Level Block 0.prefab using Guid(bf4cb3b48af5d2a48a39190bf4f79e60) Importer(815301076,1909f56bfc062723c751e8b465ee728b)  -> (artifact id: '91cc83101d2adac126c2397b95928c3f') in 0.065290 seconds 
========================================================================
Received Import Request.
  Time since last request: 24.499734 seconds.
  path: Assets/PreFabs/Health Potion.prefab
  artifactKey: Guid(e3a2409dabafa9043b4ece40ebc7638b) Importer(815301076,1909f56bfc062723c751e8b465ee728b)
Start importing Assets/PreFabs/Health Potion.prefab using Guid(e3a2409dabafa9043b4ece40ebc7638b) Importer(815301076,1909f56bfc062723c751e8b465ee728b)  -> (artifact id: 'ff44871bdfb2f95ae3b0bab69a1e3220') in 0.059303 seconds 
========================================================================
Received Import Request.
  Time since last request: 0.000088 seconds.
  path: Assets/PreFabs/Levek Block 1.prefab
  artifactKey: Guid(5ebeb9c74b7b4ac4888df72ce093849e) Importer(815301076,1909f56bfc062723c751e8b465ee728b)
Start importing Assets/PreFabs/Levek Block 1.prefab using Guid(5ebeb9c74b7b4ac4888df72ce093849e) Importer(815301076,1909f56bfc062723c751e8b465ee728b)  -> (artifact id: '719d76e54716139d8b3df6aece05e8f9') in 0.054537 seconds 
========================================================================
Received Import Request.
  Time since last request: 0.000031 seconds.
  path: Assets/PreFabs/Level Block2.prefab
  artifactKey: Guid(b770bc54f5ebddc41b424c9a77055723) Importer(815301076,1909f56bfc062723c751e8b465ee728b)
Start importing Assets/PreFabs/Level Block2.prefab using Guid(b770bc54f5ebddc41b424c9a77055723) Importer(815301076,1909f56bfc062723c751e8b465ee728b)  -> (artifact id: '81c929b561a26c77e03e2caa8df9a832') in 0.065571 seconds 
========================================================================
Received Import Request.
  Time since last request: 0.000099 seconds.
  path: Assets/PreFabs/Level Block 0.prefab
  artifactKey: Guid(bf4cb3b48af5d2a48a39190bf4f79e60) Importer(815301076,1909f56bfc062723c751e8b465ee728b)
Start importing Assets/PreFabs/Level Block 0.prefab using Guid(bf4cb3b48af5d2a48a39190bf4f79e60) Importer(815301076,1909f56bfc062723c751e8b465ee728b)  -> (artifact id: 'd86a465dc3a9344056d0d3d009f0fcd4') in 0.057282 seconds 
========================================================================
Received Import Request.
  Time since last request: 6.044285 seconds.
  path: Assets/PreFabs/Health Potion.prefab
  artifactKey: Guid(e3a2409dabafa9043b4ece40ebc7638b) Importer(815301076,1909f56bfc062723c751e8b465ee728b)
Start importing Assets/PreFabs/Health Potion.prefab using Guid(e3a2409dabafa9043b4ece40ebc7638b) Importer(815301076,1909f56bfc062723c751e8b465ee728b)  -> (artifact id: '95896ad9e0d6b81b6176459c76a00cee') in 0.041865 seconds 
========================================================================
Received Import Request.
  Time since last request: 0.000023 seconds.
  path: Assets/PreFabs/Levek Block 1.prefab
  artifactKey: Guid(5ebeb9c74b7b4ac4888df72ce093849e) Importer(815301076,1909f56bfc062723c751e8b465ee728b)
Start importing Assets/PreFabs/Levek Block 1.prefab using Guid(5ebeb9c74b7b4ac4888df72ce093849e) Importer(815301076,1909f56bfc062723c751e8b465ee728b)  -> (artifact id: 'de5ee8c85e4a72ef8964db6e0df7639f') in 0.062515 seconds 
========================================================================
Received Import Request.
  Time since last request: 0.000038 seconds.
  path: Assets/PreFabs/Level Block2.prefab
  artifactKey: Guid(b770bc54f5ebddc41b424c9a77055723) Importer(815301076,1909f56bfc062723c751e8b465ee728b)
Start importing Assets/PreFabs/Level Block2.prefab using Guid(b770bc54f5ebddc41b424c9a77055723) Importer(815301076,1909f56bfc062723c751e8b465ee728b)  -> (artifact id: 'f008e5d86cfc68a2a5c2695f543a3e4f') in 0.067759 seconds 
========================================================================
Received Import Request.
  Time since last request: 0.000040 seconds.
  path: Assets/PreFabs/Level Block 0.prefab
  artifactKey: Guid(bf4cb3b48af5d2a48a39190bf4f79e60) Importer(815301076,1909f56bfc062723c751e8b465ee728b)
Start importing Assets/PreFabs/Level Block 0.prefab using Guid(bf4cb3b48af5d2a48a39190bf4f79e60) Importer(815301076,1909f56bfc062723c751e8b465ee728b)  -> (artifact id: '336eac07c18baa646212d9dcc3f7c4fb') in 0.064181 seconds 
========================================================================
Received Import Request.
  Time since last request: 25.955699 seconds.
  path: Assets/PreFabs/potions-1.prefab
  artifactKey: Guid(1ce811341fe511d4697c9cec54495732) Importer(815301076,1909f56bfc062723c751e8b465ee728b)
Start importing Assets/PreFabs/potions-1.prefab using Guid(1ce811341fe511d4697c9cec54495732) Importer(815301076,1909f56bfc062723c751e8b465ee728b)  -> (artifact id: '06b49bf9d4a0249a83877640c1b4a050') in 0.060262 seconds 
========================================================================
Received Import Request.
  Time since last request: 3.786620 seconds.
  path: Assets/PreFabs/potions-1.prefab
  artifactKey: Guid(1ce811341fe511d4697c9cec54495732) Importer(815301076,1909f56bfc062723c751e8b465ee728b)
Start importing Assets/PreFabs/potions-1.prefab using Guid(1ce811341fe511d4697c9cec54495732) Importer(815301076,1909f56bfc062723c751e8b465ee728b)  -> (artifact id: 'fb03ecfb482a4a175a3c5718ed2283fa') in 0.047930 seconds 
========================================================================
Received Import Request.
  Time since last request: 2.801162 seconds.
  path: Assets/PreFabs/potions-1.prefab
  artifactKey: Guid(1ce811341fe511d4697c9cec54495732) Importer(815301076,1909f56bfc062723c751e8b465ee728b)
Start importing Assets/PreFabs/potions-1.prefab using Guid(1ce811341fe511d4697c9cec54495732) Importer(815301076,1909f56bfc062723c751e8b465ee728b)  -> (artifact id: 'e8c5ffcea63081af4d820f1b52e2eb62') in 0.049618 seconds 
========================================================================
Received Import Request.
  Time since last request: 22.188725 seconds.
  path: Assets/PreFabs/Damage Potion.prefab
  artifactKey: Guid(2576f0c4cfd5d5b49b71af7a073ad478) Importer(815301076,1909f56bfc062723c751e8b465ee728b)
Start importing Assets/PreFabs/Damage Potion.prefab using Guid(2576f0c4cfd5d5b49b71af7a073ad478) Importer(815301076,1909f56bfc062723c751e8b465ee728b)  -> (artifact id: '6f3561cf831f08107306deae764d2d2a') in 0.054438 seconds 
========================================================================
Received Import Request.
  Time since last request: 0.000028 seconds.
  path: Assets/PreFabs/Levek Block 1.prefab
  artifactKey: Guid(5ebeb9c74b7b4ac4888df72ce093849e) Importer(815301076,1909f56bfc062723c751e8b465ee728b)
Start importing Assets/PreFabs/Levek Block 1.prefab using Guid(5ebeb9c74b7b4ac4888df72ce093849e) Importer(815301076,1909f56bfc062723c751e8b465ee728b)  -> (artifact id: '194eadfd1977f60370b3558d7d760f1d') in 0.062010 seconds 
========================================================================
Received Import Request.
  Time since last request: 0.000032 seconds.
  path: Assets/PreFabs/Level Block2.prefab
  artifactKey: Guid(b770bc54f5ebddc41b424c9a77055723) Importer(815301076,1909f56bfc062723c751e8b465ee728b)
Start importing Assets/PreFabs/Level Block2.prefab using Guid(b770bc54f5ebddc41b424c9a77055723) Importer(815301076,1909f56bfc062723c751e8b465ee728b)  -> (artifact id: '690e1c12533531f9b6bd27ea98e71095') in 0.070191 seconds 
========================================================================
Received Import Request.
  Time since last request: 0.000078 seconds.
  path: Assets/PreFabs/Level Block 0.prefab
  artifactKey: Guid(bf4cb3b48af5d2a48a39190bf4f79e60) Importer(815301076,1909f56bfc062723c751e8b465ee728b)
Start importing Assets/PreFabs/Level Block 0.prefab using Guid(bf4cb3b48af5d2a48a39190bf4f79e60) Importer(815301076,1909f56bfc062723c751e8b465ee728b)  -> (artifact id: 'e196977a76125b1fb26fa8b07f23cacc') in 0.056755 seconds 
========================================================================
Received Import Request.
  Time since last request: 6.613367 seconds.
  path: Assets/PreFabs/Levek Block 1.prefab
  artifactKey: Guid(5ebeb9c74b7b4ac4888df72ce093849e) Importer(815301076,1909f56bfc062723c751e8b465ee728b)
Start importing Assets/PreFabs/Levek Block 1.prefab using Guid(5ebeb9c74b7b4ac4888df72ce093849e) Importer(815301076,1909f56bfc062723c751e8b465ee728b)  -> (artifact id: '44d164bb05b4f2162b5aecd1267f0007') in 0.061248 seconds 
========================================================================
Received Import Request.
  Time since last request: 0.000030 seconds.
  path: Assets/PreFabs/Level Block2.prefab
  artifactKey: Guid(b770bc54f5ebddc41b424c9a77055723) Importer(815301076,1909f56bfc062723c751e8b465ee728b)
Start importing Assets/PreFabs/Level Block2.prefab using Guid(b770bc54f5ebddc41b424c9a77055723) Importer(815301076,1909f56bfc062723c751e8b465ee728b)  -> (artifact id: '2ed4b17deaa5e8971fada3348a2a5fc8') in 0.065609 seconds 
========================================================================
Received Import Request.
  Time since last request: 0.000108 seconds.
  path: Assets/PreFabs/Level Block 0.prefab
  artifactKey: Guid(bf4cb3b48af5d2a48a39190bf4f79e60) Importer(815301076,1909f56bfc062723c751e8b465ee728b)
Start importing Assets/PreFabs/Level Block 0.prefab using Guid(bf4cb3b48af5d2a48a39190bf4f79e60) Importer(815301076,1909f56bfc062723c751e8b465ee728b)  -> (artifact id: '0ae53002e399c85445801809cf9fe57e') in 0.058515 seconds 
========================================================================
Received Import Request.
  Time since last request: 0.000047 seconds.
  path: Assets/PreFabs/Mana Potion.prefab
  artifactKey: Guid(83c70dd126d091a40bf656676313cd18) Importer(815301076,1909f56bfc062723c751e8b465ee728b)
Start importing Assets/PreFabs/Mana Potion.prefab using Guid(83c70dd126d091a40bf656676313cd18) Importer(815301076,1909f56bfc062723c751e8b465ee728b)  -> (artifact id: '6a8153541f2e9dc185c351c632462e6c') in 0.045721 seconds 
========================================================================
Received Prepare
Refreshing native plugins compatible for Editor in 5.55 ms, found 4 plugins.
Preloading 0 native plugins for Editor in 0.00 ms.
Unloading 31 Unused Serialized files (Serialized files now loaded: 0)
Unloading 31 unused Assets / (192.9 KB). Loaded Objects now: 4537.
Memory consumption went from 93.5 MB to 93.3 MB.
Total: 4.254400 ms (FindLiveObjects: 0.296700 ms CreateObjectMapping: 0.201900 ms MarkObjects: 3.474500 ms  DeleteObjects: 0.280300 ms)

AssetImportParameters requested are different than current active one (requested -> active):
  custom:video-decoder-ogg-theora: a1e56fd34408186e4bbccfd4996cb3dc -> 
  custom:container-muxer-webm: aa71ff27fc2769a1b78a27578f13a17b -> 
  custom:container-demuxer-webm: 4f35f7cbe854078d1ac9338744f61a02 -> 
  custom:video-encoder-webm-vp8: eb34c28f22e8b96e1ab97ce403110664 -> 
  custom:audio-encoder-webm-vorbis: bf7c407c2cedff20999df2af8eb42d56 -> 
  custom:framework-win-MediaFoundation: 216162199b28c13a410421893ffa2e32 -> 
  custom:container-demuxer-ogg: 62fdf1f143b41e24485cea50d1cbac27 -> 
  custom:video-decoder-webm-vp8: 9c59270c3fd7afecdb556c50c9e8de78 -> 
  custom:audio-decoder-ogg-vorbis: bf7c407c2cedff20999df2af8eb42d56 -> 
========================================================================
Received Import Request.
  Time since last request: 227.274879 seconds.
  path: Assets/PreFabs/Levek Block 1.prefab
  artifactKey: Guid(5ebeb9c74b7b4ac4888df72ce093849e) Importer(815301076,1909f56bfc062723c751e8b465ee728b)
Start importing Assets/PreFabs/Levek Block 1.prefab using Guid(5ebeb9c74b7b4ac4888df72ce093849e) Importer(815301076,1909f56bfc062723c751e8b465ee728b)  -> (artifact id: '6e570d5cc5bbdebab3cb69524cb2d3fd') in 0.070155 seconds 
========================================================================
Received Import Request.
  Time since last request: 0.000090 seconds.
  path: Assets/PreFabs/Level Block2.prefab
  artifactKey: Guid(b770bc54f5ebddc41b424c9a77055723) Importer(815301076,1909f56bfc062723c751e8b465ee728b)
Start importing Assets/PreFabs/Level Block2.prefab using Guid(b770bc54f5ebddc41b424c9a77055723) Importer(815301076,1909f56bfc062723c751e8b465ee728b)  -> (artifact id: 'a95016bfb5aa5aa08c8f8b5a369fd7c3') in 0.072563 seconds 
========================================================================
Received Import Request.
  Time since last request: 0.000081 seconds.
  path: Assets/PreFabs/Level Block 0.prefab
  artifactKey: Guid(bf4cb3b48af5d2a48a39190bf4f79e60) Importer(815301076,1909f56bfc062723c751e8b465ee728b)
Start importing Assets/PreFabs/Level Block 0.prefab using Guid(bf4cb3b48af5d2a48a39190bf4f79e60) Importer(815301076,1909f56bfc062723c751e8b465ee728b)  -> (artifact id: '3b286b048e97ab616b76a7b586abab6d') in 0.053570 seconds 
========================================================================
Received Import Request.
  Time since last request: 0.000031 seconds.
  path: Assets/PreFabs/Mana Potion.prefab
  artifactKey: Guid(83c70dd126d091a40bf656676313cd18) Importer(815301076,1909f56bfc062723c751e8b465ee728b)
Start importing Assets/PreFabs/Mana Potion.prefab using Guid(83c70dd126d091a40bf656676313cd18) Importer(815301076,1909f56bfc062723c751e8b465ee728b)  -> (artifact id: '67643f97364fbaaea5268f95e772465a') in 0.040118 seconds 
========================================================================
Received Import Request.
  Time since last request: 37.173364 seconds.
  path: Assets/PreFabs/Levek Block 1.prefab
  artifactKey: Guid(5ebeb9c74b7b4ac4888df72ce093849e) Importer(815301076,1909f56bfc062723c751e8b465ee728b)
Start importing Assets/PreFabs/Levek Block 1.prefab using Guid(5ebeb9c74b7b4ac4888df72ce093849e) Importer(815301076,1909f56bfc062723c751e8b465ee728b)  -> (artifact id: '0b5bdacc100a23b095589227d1de2927') in 0.070630 seconds 
========================================================================
Received Import Request.
  Time since last request: 0.000027 seconds.
  path: Assets/PreFabs/Level Block2.prefab
  artifactKey: Guid(b770bc54f5ebddc41b424c9a77055723) Importer(815301076,1909f56bfc062723c751e8b465ee728b)
Start importing Assets/PreFabs/Level Block2.prefab using Guid(b770bc54f5ebddc41b424c9a77055723) Importer(815301076,1909f56bfc062723c751e8b465ee728b)  -> (artifact id: '649d3692d419a837051a51fa0d14e784') in 0.085272 seconds 
========================================================================
Received Import Request.
  Time since last request: 0.000124 seconds.
  path: Assets/PreFabs/Level Block 0.prefab
  artifactKey: Guid(bf4cb3b48af5d2a48a39190bf4f79e60) Importer(815301076,1909f56bfc062723c751e8b465ee728b)
Start importing Assets/PreFabs/Level Block 0.prefab using Guid(bf4cb3b48af5d2a48a39190bf4f79e60) Importer(815301076,1909f56bfc062723c751e8b465ee728b)  -> (artifact id: 'f39a5cb35a12540eba46d4df2e0a3cdf') in 0.054815 seconds 
========================================================================
Received Import Request.
  Time since last request: 0.000099 seconds.
  path: Assets/PreFabs/Mana Potion.prefab
  artifactKey: Guid(83c70dd126d091a40bf656676313cd18) Importer(815301076,1909f56bfc062723c751e8b465ee728b)
Start importing Assets/PreFabs/Mana Potion.prefab using Guid(83c70dd126d091a40bf656676313cd18) Importer(815301076,1909f56bfc062723c751e8b465ee728b)  -> (artifact id: '013c37221b6be8377f835293d80d467a') in 0.037311 seconds 
========================================================================
Received Import Request.
  Time since last request: 5.413456 seconds.
  path: Assets/PreFabs/Health Potion.prefab
  artifactKey: Guid(e3a2409dabafa9043b4ece40ebc7638b) Importer(815301076,1909f56bfc062723c751e8b465ee728b)
Start importing Assets/PreFabs/Health Potion.prefab using Guid(e3a2409dabafa9043b4ece40ebc7638b) Importer(815301076,1909f56bfc062723c751e8b465ee728b)  -> (artifact id: 'd1c470d6249cd0a2e232276ebcea5a8b') in 0.045033 seconds 
========================================================================
Received Import Request.
  Time since last request: 0.000088 seconds.
  path: Assets/PreFabs/Levek Block 1.prefab
  artifactKey: Guid(5ebeb9c74b7b4ac4888df72ce093849e) Importer(815301076,1909f56bfc062723c751e8b465ee728b)
Start importing Assets/PreFabs/Levek Block 1.prefab using Guid(5ebeb9c74b7b4ac4888df72ce093849e) Importer(815301076,1909f56bfc062723c751e8b465ee728b)  -> (artifact id: '5917a9a2e4893b8dd021a5b9520ecda2') in 0.057405 seconds 
========================================================================
Received Import Request.
  Time since last request: 0.000039 seconds.
  path: Assets/PreFabs/Level Block2.prefab
  artifactKey: Guid(b770bc54f5ebddc41b424c9a77055723) Importer(815301076,1909f56bfc062723c751e8b465ee728b)
Start importing Assets/PreFabs/Level Block2.prefab using Guid(b770bc54f5ebddc41b424c9a77055723) Importer(815301076,1909f56bfc062723c751e8b465ee728b)  -> (artifact id: 'f7671c794e618c0d77025078fdc963a7') in 0.083559 seconds 
========================================================================
Received Import Request.
  Time since last request: 0.000131 seconds.
  path: Assets/PreFabs/Level Block 0.prefab
  artifactKey: Guid(bf4cb3b48af5d2a48a39190bf4f79e60) Importer(815301076,1909f56bfc062723c751e8b465ee728b)
Start importing Assets/PreFabs/Level Block 0.prefab using Guid(bf4cb3b48af5d2a48a39190bf4f79e60) Importer(815301076,1909f56bfc062723c751e8b465ee728b)  -> (artifact id: '2624b1a145ce47113dd96142396a1f1c') in 0.060311 seconds 
========================================================================
Received Import Request.
  Time since last request: 8.299640 seconds.
  path: Assets/PreFabs/Damage Potion.prefab
  artifactKey: Guid(2576f0c4cfd5d5b49b71af7a073ad478) Importer(815301076,1909f56bfc062723c751e8b465ee728b)
Start importing Assets/PreFabs/Damage Potion.prefab using Guid(2576f0c4cfd5d5b49b71af7a073ad478) Importer(815301076,1909f56bfc062723c751e8b465ee728b)  -> (artifact id: '38b0d9011a335991020ec2634bb1b57c') in 0.053405 seconds 
========================================================================
Received Import Request.
  Time since last request: 0.000101 seconds.
  path: Assets/PreFabs/Levek Block 1.prefab
  artifactKey: Guid(5ebeb9c74b7b4ac4888df72ce093849e) Importer(815301076,1909f56bfc062723c751e8b465ee728b)
Start importing Assets/PreFabs/Levek Block 1.prefab using Guid(5ebeb9c74b7b4ac4888df72ce093849e) Importer(815301076,1909f56bfc062723c751e8b465ee728b)  -> (artifact id: 'cfda4f4ea2ae4f9c55fade825c4dd222') in 0.058273 seconds 
========================================================================
Received Import Request.
  Time since last request: 0.000030 seconds.
  path: Assets/PreFabs/Level Block2.prefab
  artifactKey: Guid(b770bc54f5ebddc41b424c9a77055723) Importer(815301076,1909f56bfc062723c751e8b465ee728b)
Start importing Assets/PreFabs/Level Block2.prefab using Guid(b770bc54f5ebddc41b424c9a77055723) Importer(815301076,1909f56bfc062723c751e8b465ee728b)  -> (artifact id: '270487e843351096c16f6b83ebfd08e9') in 0.081431 seconds 
========================================================================
Received Import Request.
  Time since last request: 0.000075 seconds.
  path: Assets/PreFabs/Level Block 0.prefab
  artifactKey: Guid(bf4cb3b48af5d2a48a39190bf4f79e60) Importer(815301076,1909f56bfc062723c751e8b465ee728b)
Start importing Assets/PreFabs/Level Block 0.prefab using Guid(bf4cb3b48af5d2a48a39190bf4f79e60) Importer(815301076,1909f56bfc062723c751e8b465ee728b)  -> (artifact id: '67589f51b7edf28be66dbafbaf246514') in 0.065233 seconds 
========================================================================
Received Import Request.
  Time since last request: 4.656453 seconds.
  path: Assets/PreFabs/Coin.prefab
  artifactKey: Guid(36e89ae0ff07549409ab3d0d70c65986) Importer(815301076,1909f56bfc062723c751e8b465ee728b)
Start importing Assets/PreFabs/Coin.prefab using Guid(36e89ae0ff07549409ab3d0d70c65986) Importer(815301076,1909f56bfc062723c751e8b465ee728b)  -> (artifact id: 'bda9dc177ca9a15f76a9c69d2c078f7f') in 0.059526 seconds 
========================================================================
Received Import Request.
  Time since last request: 0.000059 seconds.
  path: Assets/PreFabs/Levek Block 1.prefab
  artifactKey: Guid(5ebeb9c74b7b4ac4888df72ce093849e) Importer(815301076,1909f56bfc062723c751e8b465ee728b)
Start importing Assets/PreFabs/Levek Block 1.prefab using Guid(5ebeb9c74b7b4ac4888df72ce093849e) Importer(815301076,1909f56bfc062723c751e8b465ee728b)  -> (artifact id: 'cfa45f7b2f0e68e8f0480ee5d4ad5daa') in 0.059726 seconds 
========================================================================
Received Import Request.
  Time since last request: 0.000034 seconds.
  path: Assets/PreFabs/Level Block2.prefab
  artifactKey: Guid(b770bc54f5ebddc41b424c9a77055723) Importer(815301076,1909f56bfc062723c751e8b465ee728b)
Start importing Assets/PreFabs/Level Block2.prefab using Guid(b770bc54f5ebddc41b424c9a77055723) Importer(815301076,1909f56bfc062723c751e8b465ee728b)  -> (artifact id: '1e92403fcc2bd3cbf33d36f784d22b19') in 0.080309 seconds 
========================================================================
Received Import Request.
  Time since last request: 0.000107 seconds.
  path: Assets/PreFabs/Level Block 0.prefab
  artifactKey: Guid(bf4cb3b48af5d2a48a39190bf4f79e60) Importer(815301076,1909f56bfc062723c751e8b465ee728b)
Start importing Assets/PreFabs/Level Block 0.prefab using Guid(bf4cb3b48af5d2a48a39190bf4f79e60) Importer(815301076,1909f56bfc062723c751e8b465ee728b)  -> (artifact id: '17bc95b9c3e405ce734d81e6f7fb10a0') in 0.056321 seconds 
========================================================================
Received Import Request.
  Time since last request: 4.674809 seconds.
  path: Assets/PreFabs/Enemy.prefab
  artifactKey: Guid(d8af355dcaa299c4b8ab53214fbcd2b8) Importer(815301076,1909f56bfc062723c751e8b465ee728b)
Start importing Assets/PreFabs/Enemy.prefab using Guid(d8af355dcaa299c4b8ab53214fbcd2b8) Importer(815301076,1909f56bfc062723c751e8b465ee728b)  -> (artifact id: '3bec3f3fa8734cd08e0ce82e531353b3') in 0.055130 seconds 
========================================================================
Received Import Request.
  Time since last request: 0.000092 seconds.
  path: Assets/PreFabs/Levek Block 1.prefab
  artifactKey: Guid(5ebeb9c74b7b4ac4888df72ce093849e) Importer(815301076,1909f56bfc062723c751e8b465ee728b)
Start importing Assets/PreFabs/Levek Block 1.prefab using Guid(5ebeb9c74b7b4ac4888df72ce093849e) Importer(815301076,1909f56bfc062723c751e8b465ee728b)  -> (artifact id: 'a78f3d911238fd8477981e67796e1315') in 0.064666 seconds 
========================================================================
Received Import Request.
  Time since last request: 0.000044 seconds.
  path: Assets/PreFabs/Level Block2.prefab
  artifactKey: Guid(b770bc54f5ebddc41b424c9a77055723) Importer(815301076,1909f56bfc062723c751e8b465ee728b)
Start importing Assets/PreFabs/Level Block2.prefab using Guid(b770bc54f5ebddc41b424c9a77055723) Importer(815301076,1909f56bfc062723c751e8b465ee728b)  -> (artifact id: '6743f0e02c521bb4afd85225ab7cfaed') in 0.070581 seconds 
========================================================================
Received Import Request.
  Time since last request: 0.000033 seconds.
  path: Assets/PreFabs/Level Block 0.prefab
  artifactKey: Guid(bf4cb3b48af5d2a48a39190bf4f79e60) Importer(815301076,1909f56bfc062723c751e8b465ee728b)
Start importing Assets/PreFabs/Level Block 0.prefab using Guid(bf4cb3b48af5d2a48a39190bf4f79e60) Importer(815301076,1909f56bfc062723c751e8b465ee728b)  -> (artifact id: '36e59150911478e680dafcf7ce892df8') in 0.066267 seconds 
========================================================================
Received Prepare
Refreshing native plugins compatible for Editor in 5.51 ms, found 4 plugins.
Preloading 0 native plugins for Editor in 0.00 ms.
Unloading 31 Unused Serialized files (Serialized files now loaded: 0)
Unloading 31 unused Assets / (193.0 KB). Loaded Objects now: 4537.
Memory consumption went from 112.7 MB to 112.5 MB.
Total: 5.252800 ms (FindLiveObjects: 0.330000 ms CreateObjectMapping: 0.219300 ms MarkObjects: 4.523200 ms  DeleteObjects: 0.179000 ms)

AssetImportParameters requested are different than current active one (requested -> active):
  custom:video-decoder-ogg-theora: a1e56fd34408186e4bbccfd4996cb3dc -> 
  custom:container-muxer-webm: aa71ff27fc2769a1b78a27578f13a17b -> 
  custom:container-demuxer-webm: 4f35f7cbe854078d1ac9338744f61a02 -> 
  custom:video-encoder-webm-vp8: eb34c28f22e8b96e1ab97ce403110664 -> 
  custom:audio-encoder-webm-vorbis: bf7c407c2cedff20999df2af8eb42d56 -> 
  custom:framework-win-MediaFoundation: 216162199b28c13a410421893ffa2e32 -> 
  custom:container-demuxer-ogg: 62fdf1f143b41e24485cea50d1cbac27 -> 
  custom:video-decoder-webm-vp8: 9c59270c3fd7afecdb556c50c9e8de78 -> 
  custom:audio-decoder-ogg-vorbis: bf7c407c2cedff20999df2af8eb42d56 -> 
========================================================================
Received Prepare
Registering precompiled user dll's ...
Registered in 0.008407 seconds.
Begin MonoManager ReloadAssembly
Symbol file LoadedFromMemory doesn't match image C:\Users\Daniel\Desktop\SpaceMan\Library\PackageCache\com.unity.visualscripting@1.7.8\Editor\VisualScripting.Core\Dependencies\YamlDotNet\Unity.VisualScripting.YamlDotNet.dll
Symbol file LoadedFromMemory doesn't match image C:\Users\Daniel\Desktop\SpaceMan\Library\PackageCache\com.unity.visualscripting@1.7.8\Editor\VisualScripting.Core\Dependencies\DotNetZip\Unity.VisualScripting.IonicZip.dll
Native extension for WindowsStandalone target not found
Native extension for WebGL target not found
Refreshing native plugins compatible for Editor in 3.89 ms, found 4 plugins.
Preloading 0 native plugins for Editor in 0.00 ms.
Mono: successfully reloaded assembly
- Completed reload, in 10.744 seconds
Domain Reload Profiling:
	ReloadAssembly (10747ms)
		BeginReloadAssembly (1600ms)
			ExecutionOrderSort (0ms)
			DisableScriptedObjects (155ms)
			BackupInstance (0ms)
			ReleaseScriptingObjects (0ms)
			CreateAndSetChildDomain (341ms)
		EndReloadAssembly (8200ms)
			LoadAssemblies (1225ms)
			RebuildTransferFunctionScriptingTraits (0ms)
			SetupTypeCache (2724ms)
			ReleaseScriptCaches (5ms)
			RebuildScriptCaches (562ms)
			SetupLoadedEditorAssemblies (3522ms)
				LogAssemblyErrors (0ms)
				InitializePlatformSupportModulesInManaged (118ms)
				SetLoadedEditorAssemblies (2ms)
				RefreshPlugins (4ms)
				BeforeProcessingInitializeOnLoad (696ms)
				ProcessInitializeOnLoadAttributes (2197ms)
				ProcessInitializeOnLoadMethodAttributes (456ms)
				AfterProcessingInitializeOnLoad (49ms)
				EditorAssembliesLoaded (0ms)
			ExecutionOrderSort2 (0ms)
			AwakeInstancesAfterBackupRestoration (59ms)
Platform modules already initialized, skipping
Refreshing native plugins compatible for Editor in 20.08 ms, found 4 plugins.
Preloading 0 native plugins for Editor in 0.00 ms.
Unloading 4053 Unused Serialized files (Serialized files now loaded: 0)
Unloading 31 unused Assets / (195.3 KB). Loaded Objects now: 4539.
Memory consumption went from 160.5 MB to 160.3 MB.
Total: 27.819400 ms (FindLiveObjects: 1.104200 ms CreateObjectMapping: 0.423300 ms MarkObjects: 25.261300 ms  DeleteObjects: 1.022100 ms)

AssetImportParameters requested are different than current active one (requested -> active):
  custom:video-decoder-ogg-theora: a1e56fd34408186e4bbccfd4996cb3dc -> 
  custom:container-muxer-webm: aa71ff27fc2769a1b78a27578f13a17b -> 
  custom:container-demuxer-webm: 4f35f7cbe854078d1ac9338744f61a02 -> 
  custom:video-encoder-webm-vp8: eb34c28f22e8b96e1ab97ce403110664 -> 
  custom:audio-encoder-webm-vorbis: bf7c407c2cedff20999df2af8eb42d56 -> 
  custom:framework-win-MediaFoundation: 216162199b28c13a410421893ffa2e32 -> 
  custom:container-demuxer-ogg: 62fdf1f143b41e24485cea50d1cbac27 -> 
  custom:video-decoder-webm-vp8: 9c59270c3fd7afecdb556c50c9e8de78 -> 
  custom:audio-decoder-ogg-vorbis: bf7c407c2cedff20999df2af8eb42d56 -> 
========================================================================
Received Import Request.
  Time since last request: 810.725534 seconds.
  path: Assets/PreFabs/Level Block 0.prefab
  artifactKey: Guid(bf4cb3b48af5d2a48a39190bf4f79e60) Importer(815301076,1909f56bfc062723c751e8b465ee728b)
Start importing Assets/PreFabs/Level Block 0.prefab using Guid(bf4cb3b48af5d2a48a39190bf4f79e60) Importer(815301076,1909f56bfc062723c751e8b465ee728b)  -> (artifact id: '81e532343f6fec9739bf85e62fb9b5a5') in 0.142247 seconds 
========================================================================
Received Import Request.
  Time since last request: 7.672859 seconds.
  path: Assets/PreFabs/Level Block 0.prefab
  artifactKey: Guid(bf4cb3b48af5d2a48a39190bf4f79e60) Importer(815301076,1909f56bfc062723c751e8b465ee728b)
Start importing Assets/PreFabs/Level Block 0.prefab using Guid(bf4cb3b48af5d2a48a39190bf4f79e60) Importer(815301076,1909f56bfc062723c751e8b465ee728b)  -> (artifact id: '407ea98dae39da6a93be6af24df29d7d') in 0.087818 seconds 
========================================================================
Received Import Request.
  Time since last request: 51.537249 seconds.
  path: Assets/PreFabs/Level Block2.prefab
  artifactKey: Guid(b770bc54f5ebddc41b424c9a77055723) Importer(815301076,1909f56bfc062723c751e8b465ee728b)
Start importing Assets/PreFabs/Level Block2.prefab using Guid(b770bc54f5ebddc41b424c9a77055723) Importer(815301076,1909f56bfc062723c751e8b465ee728b)  -> (artifact id: '7908f8f51381023cbc649848744aff18') in 0.102978 seconds 
========================================================================
Received Import Request.
  Time since last request: 20.242564 seconds.
  path: Assets/PreFabs/Level Block 0.prefab
  artifactKey: Guid(bf4cb3b48af5d2a48a39190bf4f79e60) Importer(815301076,1909f56bfc062723c751e8b465ee728b)
Start importing Assets/PreFabs/Level Block 0.prefab using Guid(bf4cb3b48af5d2a48a39190bf4f79e60) Importer(815301076,1909f56bfc062723c751e8b465ee728b)  -> (artifact id: '3a669b6ac709f1b5df63d942a5712993') in 0.085244 seconds 
========================================================================
Received Import Request.
  Time since last request: 8.148094 seconds.
  path: Assets/PreFabs/Level Block 0.prefab
  artifactKey: Guid(bf4cb3b48af5d2a48a39190bf4f79e60) Importer(815301076,1909f56bfc062723c751e8b465ee728b)
Start importing Assets/PreFabs/Level Block 0.prefab using Guid(bf4cb3b48af5d2a48a39190bf4f79e60) Importer(815301076,1909f56bfc062723c751e8b465ee728b)  -> (artifact id: '8ab3b9794d347e6ad6e4fbe56983b4cf') in 0.086010 seconds 
========================================================================
Received Prepare
Registering precompiled user dll's ...
Registered in 0.007889 seconds.
Begin MonoManager ReloadAssembly
Symbol file LoadedFromMemory doesn't match image C:\Users\Daniel\Desktop\SpaceMan\Library\PackageCache\com.unity.visualscripting@1.7.8\Editor\VisualScripting.Core\Dependencies\YamlDotNet\Unity.VisualScripting.YamlDotNet.dll
Symbol file LoadedFromMemory doesn't match image C:\Users\Daniel\Desktop\SpaceMan\Library\PackageCache\com.unity.visualscripting@1.7.8\Editor\VisualScripting.Core\Dependencies\DotNetZip\Unity.VisualScripting.IonicZip.dll
Native extension for WindowsStandalone target not found
Native extension for WebGL target not found
Refreshing native plugins compatible for Editor in 3.62 ms, found 4 plugins.
Preloading 0 native plugins for Editor in 0.00 ms.
Mono: successfully reloaded assembly
- Completed reload, in 13.773 seconds
Domain Reload Profiling:
	ReloadAssembly (13894ms)
		BeginReloadAssembly (2118ms)
			ExecutionOrderSort (0ms)
			DisableScriptedObjects (584ms)
			BackupInstance (0ms)
			ReleaseScriptingObjects (0ms)
			CreateAndSetChildDomain (401ms)
		EndReloadAssembly (10304ms)
			LoadAssemblies (1400ms)
			RebuildTransferFunctionScriptingTraits (0ms)
			SetupTypeCache (3248ms)
			ReleaseScriptCaches (51ms)
			RebuildScriptCaches (800ms)
			SetupLoadedEditorAssemblies (4347ms)
				LogAssemblyErrors (0ms)
				InitializePlatformSupportModulesInManaged (145ms)
				SetLoadedEditorAssemblies (1ms)
				RefreshPlugins (4ms)
				BeforeProcessingInitializeOnLoad (691ms)
				ProcessInitializeOnLoadAttributes (3108ms)
				ProcessInitializeOnLoadMethodAttributes (300ms)
				AfterProcessingInitializeOnLoad (97ms)
				EditorAssembliesLoaded (0ms)
			ExecutionOrderSort2 (0ms)
			AwakeInstancesAfterBackupRestoration (135ms)
Platform modules already initialized, skipping
Refreshing native plugins compatible for Editor in 2.70 ms, found 4 plugins.
Preloading 0 native plugins for Editor in 0.00 ms.
Unloading 4053 Unused Serialized files (Serialized files now loaded: 0)
Unloading 31 unused Assets / (195.5 KB). Loaded Objects now: 4542.
Memory consumption went from 160.5 MB to 160.3 MB.
Total: 3.671400 ms (FindLiveObjects: 0.386500 ms CreateObjectMapping: 0.233200 ms MarkObjects: 2.877200 ms  DeleteObjects: 0.172500 ms)

AssetImportParameters requested are different than current active one (requested -> active):
  custom:video-decoder-ogg-theora: a1e56fd34408186e4bbccfd4996cb3dc -> 
  custom:container-muxer-webm: aa71ff27fc2769a1b78a27578f13a17b -> 
  custom:container-demuxer-webm: 4f35f7cbe854078d1ac9338744f61a02 -> 
  custom:video-encoder-webm-vp8: eb34c28f22e8b96e1ab97ce403110664 -> 
  custom:audio-encoder-webm-vorbis: bf7c407c2cedff20999df2af8eb42d56 -> 
  custom:framework-win-MediaFoundation: 216162199b28c13a410421893ffa2e32 -> 
  custom:container-demuxer-ogg: 62fdf1f143b41e24485cea50d1cbac27 -> 
  custom:video-decoder-webm-vp8: 9c59270c3fd7afecdb556c50c9e8de78 -> 
  custom:audio-decoder-ogg-vorbis: bf7c407c2cedff20999df2af8eb42d56 -> 
========================================================================
Received Prepare
Registering precompiled user dll's ...
Registered in 0.018261 seconds.
Begin MonoManager ReloadAssembly
Symbol file LoadedFromMemory doesn't match image C:\Users\Daniel\Desktop\SpaceMan\Library\PackageCache\com.unity.visualscripting@1.7.8\Editor\VisualScripting.Core\Dependencies\YamlDotNet\Unity.VisualScripting.YamlDotNet.dll
Symbol file LoadedFromMemory doesn't match image C:\Users\Daniel\Desktop\SpaceMan\Library\PackageCache\com.unity.visualscripting@1.7.8\Editor\VisualScripting.Core\Dependencies\DotNetZip\Unity.VisualScripting.IonicZip.dll
Native extension for WindowsStandalone target not found
Native extension for WebGL target not found
Refreshing native plugins compatible for Editor in 1.33 ms, found 4 plugins.
Preloading 0 native plugins for Editor in 0.00 ms.
Mono: successfully reloaded assembly
- Completed reload, in  6.854 seconds
Domain Reload Profiling:
	ReloadAssembly (6855ms)
		BeginReloadAssembly (3172ms)
			ExecutionOrderSort (0ms)
			DisableScriptedObjects (464ms)
			BackupInstance (0ms)
			ReleaseScriptingObjects (0ms)
			CreateAndSetChildDomain (767ms)
		EndReloadAssembly (2933ms)
			LoadAssemblies (1808ms)
			RebuildTransferFunctionScriptingTraits (0ms)
			SetupTypeCache (1071ms)
			ReleaseScriptCaches (1ms)
			RebuildScriptCaches (94ms)
			SetupLoadedEditorAssemblies (1075ms)
				LogAssemblyErrors (0ms)
				InitializePlatformSupportModulesInManaged (512ms)
				SetLoadedEditorAssemblies (1ms)
				RefreshPlugins (1ms)
				BeforeProcessingInitializeOnLoad (125ms)
				ProcessInitializeOnLoadAttributes (366ms)
				ProcessInitializeOnLoadMethodAttributes (61ms)
				AfterProcessingInitializeOnLoad (8ms)
				EditorAssembliesLoaded (0ms)
			ExecutionOrderSort2 (0ms)
			AwakeInstancesAfterBackupRestoration (21ms)
Platform modules already initialized, skipping
Refreshing native plugins compatible for Editor in 6.65 ms, found 4 plugins.
Preloading 0 native plugins for Editor in 0.00 ms.
Unloading 4053 Unused Serialized files (Serialized files now loaded: 0)
Unloading 31 unused Assets / (196.6 KB). Loaded Objects now: 4545.
Memory consumption went from 160.5 MB to 160.3 MB.
Total: 25.380000 ms (FindLiveObjects: 0.696200 ms CreateObjectMapping: 15.117500 ms MarkObjects: 8.943400 ms  DeleteObjects: 0.620600 ms)

AssetImportParameters requested are different than current active one (requested -> active):
  custom:video-decoder-ogg-theora: a1e56fd34408186e4bbccfd4996cb3dc -> 
  custom:container-muxer-webm: aa71ff27fc2769a1b78a27578f13a17b -> 
  custom:container-demuxer-webm: 4f35f7cbe854078d1ac9338744f61a02 -> 
  custom:video-encoder-webm-vp8: eb34c28f22e8b96e1ab97ce403110664 -> 
  custom:audio-encoder-webm-vorbis: bf7c407c2cedff20999df2af8eb42d56 -> 
  custom:framework-win-MediaFoundation: 216162199b28c13a410421893ffa2e32 -> 
  custom:container-demuxer-ogg: 62fdf1f143b41e24485cea50d1cbac27 -> 
  custom:video-decoder-webm-vp8: 9c59270c3fd7afecdb556c50c9e8de78 -> 
  custom:audio-decoder-ogg-vorbis: bf7c407c2cedff20999df2af8eb42d56 -> 
========================================================================
Received Prepare
Registering precompiled user dll's ...
Registered in 0.019793 seconds.
Begin MonoManager ReloadAssembly
Symbol file LoadedFromMemory doesn't match image C:\Users\Daniel\Desktop\SpaceMan\Library\PackageCache\com.unity.visualscripting@1.7.8\Editor\VisualScripting.Core\Dependencies\YamlDotNet\Unity.VisualScripting.YamlDotNet.dll
Symbol file LoadedFromMemory doesn't match image C:\Users\Daniel\Desktop\SpaceMan\Library\PackageCache\com.unity.visualscripting@1.7.8\Editor\VisualScripting.Core\Dependencies\DotNetZip\Unity.VisualScripting.IonicZip.dll
Native extension for WindowsStandalone target not found
Native extension for WebGL target not found
Refreshing native plugins compatible for Editor in 2.51 ms, found 4 plugins.
Preloading 0 native plugins for Editor in 0.00 ms.
Mono: successfully reloaded assembly
- Completed reload, in  9.232 seconds
Domain Reload Profiling:
	ReloadAssembly (9234ms)
		BeginReloadAssembly (1515ms)
			ExecutionOrderSort (0ms)
			DisableScriptedObjects (39ms)
			BackupInstance (0ms)
			ReleaseScriptingObjects (0ms)
			CreateAndSetChildDomain (435ms)
		EndReloadAssembly (6420ms)
			LoadAssemblies (1334ms)
			RebuildTransferFunctionScriptingTraits (0ms)
			SetupTypeCache (3034ms)
			ReleaseScriptCaches (5ms)
			RebuildScriptCaches (389ms)
			SetupLoadedEditorAssemblies (1632ms)
				LogAssemblyErrors (0ms)
				InitializePlatformSupportModulesInManaged (125ms)
				SetLoadedEditorAssemblies (2ms)
				RefreshPlugins (3ms)
				BeforeProcessingInitializeOnLoad (449ms)
				ProcessInitializeOnLoadAttributes (982ms)
				ProcessInitializeOnLoadMethodAttributes (62ms)
				AfterProcessingInitializeOnLoad (8ms)
				EditorAssembliesLoaded (0ms)
			ExecutionOrderSort2 (0ms)
			AwakeInstancesAfterBackupRestoration (22ms)
Platform modules already initialized, skipping
Refreshing native plugins compatible for Editor in 2.58 ms, found 4 plugins.
Preloading 0 native plugins for Editor in 0.00 ms.
Unloading 4053 Unused Serialized files (Serialized files now loaded: 0)
Unloading 31 unused Assets / (195.6 KB). Loaded Objects now: 4548.
Memory consumption went from 160.5 MB to 160.3 MB.
Total: 3.478200 ms (FindLiveObjects: 0.618500 ms CreateObjectMapping: 0.289800 ms MarkObjects: 2.407800 ms  DeleteObjects: 0.161100 ms)

AssetImportParameters requested are different than current active one (requested -> active):
  custom:video-decoder-ogg-theora: a1e56fd34408186e4bbccfd4996cb3dc -> 
  custom:container-muxer-webm: aa71ff27fc2769a1b78a27578f13a17b -> 
  custom:container-demuxer-webm: 4f35f7cbe854078d1ac9338744f61a02 -> 
  custom:video-encoder-webm-vp8: eb34c28f22e8b96e1ab97ce403110664 -> 
  custom:audio-encoder-webm-vorbis: bf7c407c2cedff20999df2af8eb42d56 -> 
  custom:framework-win-MediaFoundation: 216162199b28c13a410421893ffa2e32 -> 
  custom:container-demuxer-ogg: 62fdf1f143b41e24485cea50d1cbac27 -> 
  custom:video-decoder-webm-vp8: 9c59270c3fd7afecdb556c50c9e8de78 -> 
  custom:audio-decoder-ogg-vorbis: bf7c407c2cedff20999df2af8eb42d56 -> 
========================================================================
Received Prepare
Registering precompiled user dll's ...
Registered in 0.008417 seconds.
Begin MonoManager ReloadAssembly
Symbol file LoadedFromMemory doesn't match image C:\Users\Daniel\Desktop\SpaceMan\Library\PackageCache\com.unity.visualscripting@1.7.8\Editor\VisualScripting.Core\Dependencies\YamlDotNet\Unity.VisualScripting.YamlDotNet.dll
Symbol file LoadedFromMemory doesn't match image C:\Users\Daniel\Desktop\SpaceMan\Library\PackageCache\com.unity.visualscripting@1.7.8\Editor\VisualScripting.Core\Dependencies\DotNetZip\Unity.VisualScripting.IonicZip.dll
Native extension for WindowsStandalone target not found
Native extension for WebGL target not found
Refreshing native plugins compatible for Editor in 0.87 ms, found 4 plugins.
Preloading 0 native plugins for Editor in 0.00 ms.
Mono: successfully reloaded assembly
- Completed reload, in 12.234 seconds
Domain Reload Profiling:
	ReloadAssembly (12237ms)
		BeginReloadAssembly (3360ms)
			ExecutionOrderSort (0ms)
			DisableScriptedObjects (701ms)
			BackupInstance (0ms)
			ReleaseScriptingObjects (1ms)
			CreateAndSetChildDomain (1178ms)
		EndReloadAssembly (7805ms)
			LoadAssemblies (1151ms)
			RebuildTransferFunctionScriptingTraits (0ms)
			SetupTypeCache (2175ms)
			ReleaseScriptCaches (6ms)
			RebuildScriptCaches (377ms)
			SetupLoadedEditorAssemblies (3542ms)
				LogAssemblyErrors (0ms)
				InitializePlatformSupportModulesInManaged (67ms)
				SetLoadedEditorAssemblies (1ms)
				RefreshPlugins (1ms)
				BeforeProcessingInitializeOnLoad (707ms)
				ProcessInitializeOnLoadAttributes (2364ms)
				ProcessInitializeOnLoadMethodAttributes (354ms)
				AfterProcessingInitializeOnLoad (48ms)
				EditorAssembliesLoaded (1ms)
			ExecutionOrderSort2 (0ms)
			AwakeInstancesAfterBackupRestoration (133ms)
Platform modules already initialized, skipping
Refreshing native plugins compatible for Editor in 45.22 ms, found 4 plugins.
Preloading 0 native plugins for Editor in 0.00 ms.
Unloading 4053 Unused Serialized files (Serialized files now loaded: 0)
Unloading 31 unused Assets / (195.5 KB). Loaded Objects now: 4551.
Memory consumption went from 160.5 MB to 160.3 MB.
Total: 57.920400 ms (FindLiveObjects: 0.653900 ms CreateObjectMapping: 15.310100 ms MarkObjects: 40.146200 ms  DeleteObjects: 1.808000 ms)

AssetImportParameters requested are different than current active one (requested -> active):
  custom:video-decoder-ogg-theora: a1e56fd34408186e4bbccfd4996cb3dc -> 
  custom:container-muxer-webm: aa71ff27fc2769a1b78a27578f13a17b -> 
  custom:container-demuxer-webm: 4f35f7cbe854078d1ac9338744f61a02 -> 
  custom:video-encoder-webm-vp8: eb34c28f22e8b96e1ab97ce403110664 -> 
  custom:audio-encoder-webm-vorbis: bf7c407c2cedff20999df2af8eb42d56 -> 
  custom:framework-win-MediaFoundation: 216162199b28c13a410421893ffa2e32 -> 
  custom:container-demuxer-ogg: 62fdf1f143b41e24485cea50d1cbac27 -> 
  custom:video-decoder-webm-vp8: 9c59270c3fd7afecdb556c50c9e8de78 -> 
  custom:audio-decoder-ogg-vorbis: bf7c407c2cedff20999df2af8eb42d56 -> 
========================================================================
Received Prepare
Refreshing native plugins compatible for Editor in 6.27 ms, found 4 plugins.
Preloading 0 native plugins for Editor in 0.00 ms.
Unloading 31 Unused Serialized files (Serialized files now loaded: 0)
Unloading 31 unused Assets / (192.7 KB). Loaded Objects now: 4551.
Memory consumption went from 80.0 MB to 79.9 MB.
Total: 3.502900 ms (FindLiveObjects: 0.399100 ms CreateObjectMapping: 0.248800 ms MarkObjects: 2.683900 ms  DeleteObjects: 0.170000 ms)

AssetImportParameters requested are different than current active one (requested -> active):
  custom:video-decoder-ogg-theora: a1e56fd34408186e4bbccfd4996cb3dc -> 
  custom:container-muxer-webm: aa71ff27fc2769a1b78a27578f13a17b -> 
  custom:container-demuxer-webm: 4f35f7cbe854078d1ac9338744f61a02 -> 
  custom:video-encoder-webm-vp8: eb34c28f22e8b96e1ab97ce403110664 -> 
  custom:audio-encoder-webm-vorbis: bf7c407c2cedff20999df2af8eb42d56 -> 
  custom:framework-win-MediaFoundation: 216162199b28c13a410421893ffa2e32 -> 
  custom:container-demuxer-ogg: 62fdf1f143b41e24485cea50d1cbac27 -> 
  custom:video-decoder-webm-vp8: 9c59270c3fd7afecdb556c50c9e8de78 -> 
  custom:audio-decoder-ogg-vorbis: bf7c407c2cedff20999df2af8eb42d56 -> 
